Build started 10/21/2014 10:14:31 AM.
     1>Project "E:\SkyDrive\Penn State\Research\BO_Model\PROJECT_Cpp\Matrix_Eigen\paralution-0.7.0\visualstudio\paralution_omp\paralution_omp\paralution_omp_VS13.vcxproj" on node 2 (Rebuild target(s)).
     1>ClCompile:
         D:\Program Files (x86)\Microsoft Visual Studio 12.0\VC\bin\CL.exe /c /Zi /nologo /W3 /WX- /O2 /Oi /Oy- /GL /D _MBCS /Gm- /EHsc /MD /GS /Gy /fp:precise /Zc:wchar_t /Zc:forScope /openmp /Fo"Release\\" /Fd"Release\vc120.pdb" /Gd /TP /analyze- /errorReport:prompt ..\..\..\src\base\backend_manager.cpp ..\..\..\src\base\base_matrix.cpp ..\..\..\src\base\base_paralution.cpp ..\..\..\src\base\base_vector.cpp ..\..\..\src\base\global_matrix.cpp ..\..\..\src\base\global_stencil.cpp ..\..\..\src\base\global_vector.cpp ..\..\..\src\base\host\host_affinity.cpp ..\..\..\src\base\host\host_conversion.cpp ..\..\..\src\base\host\host_matrix_bcsr.cpp ..\..\..\src\base\host\host_matrix_coo.cpp ..\..\..\src\base\host\host_matrix_csr.cpp ..\..\..\src\base\host\host_matrix_dense.cpp ..\..\..\src\base\host\host_matrix_dia.cpp ..\..\..\src\base\host\host_matrix_ell.cpp ..\..\..\src\base\host\host_matrix_hyb.cpp ..\..\..\src\base\host\host_matrix_mcsr.cpp ..\..\..\src\base\host\host_vector.cpp ..\..\..\src\base\local_matrix.cpp ..\..\..\src\base\local_stencil.cpp ..\..\..\src\base\local_vector.cpp ..\..\..\src\base\operator.cpp ..\..\..\src\base\vector.cpp ..\..\..\src\solvers\chebyshev.cpp ..\..\..\src\solvers\deflation\dpcg.cpp ..\..\..\src\solvers\direct\inversion.cpp ..\..\..\src\solvers\direct\lu.cpp ..\..\..\src\solvers\direct\qr.cpp ..\..\..\src\solvers\iter_ctrl.cpp ..\..\..\src\solvers\krylov\bicgstab.cpp ..\..\..\src\solvers\krylov\cg.cpp ..\..\..\src\solvers\krylov\cr.cpp ..\..\..\src\solvers\krylov\fgmres.cpp ..\..\..\src\solvers\krylov\gmres.cpp ..\..\..\src\solvers\krylov\idr.cpp ..\..\..\src\solvers\krylov\minres.cpp ..\..\..\src\solvers\mixed_precision.cpp ..\..\..\src\solvers\multigrid\multigrid.cpp ..\..\..\src\solvers\multigrid\multigrid_amg.cpp ..\..\..\src\solvers\preconditioners\preconditioner.cpp ..\..\..\src\solvers\preconditioners\preconditioner_ai.cpp ..\..\..\src\solvers\preconditioners\preconditioner_as.cpp ..\..\..\src\solvers\preconditioners\preconditioner_blockprecond.cpp ..\..\..\src\solvers\preconditioners\preconditioner_multicolored.cpp ..\..\..\src\solvers\preconditioners\preconditioner_multicolored_gs.cpp ..\..\..\src\solvers\preconditioners\preconditioner_multicolored_ilu.cpp ..\..\..\src\solvers\preconditioners\preconditioner_multielimination.cpp ..\..\..\src\solvers\preconditioners\preconditioner_saddlepoint.cpp ..\..\..\src\solvers\solver.cpp ..\..\..\src\utils\allocate_free.cpp ..\..\..\src\utils\math_functions.cpp ..\..\..\src\utils\time_functions.cpp
         backend_manager.cpp
         base_matrix.cpp
         base_paralution.cpp
         base_vector.cpp
         global_matrix.cpp
         global_stencil.cpp
         global_vector.cpp
         host_affinity.cpp
         host_conversion.cpp
         host_matrix_bcsr.cpp
         host_matrix_coo.cpp
         host_matrix_csr.cpp
         host_matrix_dense.cpp
         host_matrix_dia.cpp
         host_matrix_ell.cpp
         host_matrix_hyb.cpp
         host_matrix_mcsr.cpp
         host_vector.cpp
         local_matrix.cpp
         local_stencil.cpp
         Compiling...
         local_vector.cpp
         operator.cpp
         vector.cpp
         chebyshev.cpp
         dpcg.cpp
         inversion.cpp
         lu.cpp
         qr.cpp
         iter_ctrl.cpp
         bicgstab.cpp
         cg.cpp
         cr.cpp
         fgmres.cpp
         gmres.cpp
         idr.cpp
         minres.cpp
         mixed_precision.cpp
         multigrid.cpp
         multigrid_amg.cpp
         preconditioner.cpp
         Compiling...
         preconditioner_ai.cpp
         preconditioner_as.cpp
         preconditioner_blockprecond.cpp
         preconditioner_multicolored.cpp
         preconditioner_multicolored_gs.cpp
         preconditioner_multicolored_ilu.cpp
         preconditioner_multielimination.cpp
         preconditioner_saddlepoint.cpp
         solver.cpp
         allocate_free.cpp
         math_functions.cpp
         time_functions.cpp
         D:\Program Files (x86)\Microsoft Visual Studio 12.0\VC\bin\CL.exe /c /Zi /nologo /W3 /WX- /O2 /Oi /Oy- /GL /D _MBCS /Gm- /EHsc /MD /GS /Gy /fp:precise /Zc:wchar_t /Zc:forScope /openmp /Fo"Release\\" /Fd"Release\vc120.pdb" /Gd /TC /analyze- /errorReport:prompt "..\..\..\thirdparty\matrix-market\mmio.c"
         mmio.c
       Lib:
         D:\Program Files (x86)\Microsoft Visual Studio 12.0\VC\bin\Lib.exe /OUT:"E:\SkyDrive\Penn State\Research\BO_Model\PROJECT_Cpp\Matrix_Eigen\paralution-0.7.0\visualstudio\paralution_omp\Release\paralution.lib" /NOLOGO /LTCG Release\backend_manager.obj
         Release\base_matrix.obj
         Release\base_paralution.obj
         Release\base_vector.obj
         Release\global_matrix.obj
         Release\global_stencil.obj
         Release\global_vector.obj
         Release\host_affinity.obj
         Release\host_conversion.obj
         Release\host_matrix_bcsr.obj
         Release\host_matrix_coo.obj
         Release\host_matrix_csr.obj
         Release\host_matrix_dense.obj
         Release\host_matrix_dia.obj
         Release\host_matrix_ell.obj
         Release\host_matrix_hyb.obj
         Release\host_matrix_mcsr.obj
         Release\host_vector.obj
         Release\local_matrix.obj
         Release\local_stencil.obj
         Release\local_vector.obj
         Release\operator.obj
         Release\vector.obj
         Release\chebyshev.obj
         Release\dpcg.obj
         Release\inversion.obj
         Release\lu.obj
         Release\qr.obj
         Release\iter_ctrl.obj
         Release\bicgstab.obj
         Release\cg.obj
         Release\cr.obj
         Release\fgmres.obj
         Release\gmres.obj
         Release\idr.obj
         Release\minres.obj
         Release\mixed_precision.obj
         Release\multigrid.obj
         Release\multigrid_amg.obj
         Release\preconditioner.obj
         Release\preconditioner_ai.obj
         Release\preconditioner_as.obj
         Release\preconditioner_blockprecond.obj
         Release\preconditioner_multicolored.obj
         Release\preconditioner_multicolored_gs.obj
         Release\preconditioner_multicolored_ilu.obj
         Release\preconditioner_multielimination.obj
         Release\preconditioner_saddlepoint.obj
         Release\solver.obj
         Release\allocate_free.obj
         Release\math_functions.obj
         Release\time_functions.obj
         Release\mmio.obj
         paralution_omp_VS13.vcxproj -> E:\SkyDrive\Penn State\Research\BO_Model\PROJECT_Cpp\Matrix_Eigen\paralution-0.7.0\visualstudio\paralution_omp\Release\paralution.lib
     1>Done Building Project "E:\SkyDrive\Penn State\Research\BO_Model\PROJECT_Cpp\Matrix_Eigen\paralution-0.7.0\visualstudio\paralution_omp\paralution_omp\paralution_omp_VS13.vcxproj" (Rebuild target(s)).

Build succeeded.

Time Elapsed 00:00:32.62
